<?xml version="1.0" encoding="UTF-8" ?>
<testsuite tests="1" failures="0" name="org.mchat.io.chatServer.message.ByteMessageTest" time="0.213" errors="1" skipped="0">
  <properties>
    <property name="java.runtime.name" value="Java(TM) SE Runtime Environment"/>
    <property name="sun.boot.library.path" value="/Library/Java/JavaVirtualMachines/jdk1.8.0_91.jdk/Contents/Home/jre/lib"/>
    <property name="java.vm.version" value="25.91-b14"/>
    <property name="gopherProxySet" value="false"/>
    <property name="java.vm.vendor" value="Oracle Corporation"/>
    <property name="maven.multiModuleProjectDirectory" value="/Users/jingli/Documents/JAVAWork/mchat"/>
    <property name="java.vendor.url" value="http://java.oracle.com/"/>
    <property name="path.separator" value=":"/>
    <property name="guice.disable.misplaced.annotation.check" value="true"/>
    <property name="java.vm.name" value="Java HotSpot(TM) 64-Bit Server VM"/>
    <property name="file.encoding.pkg" value="sun.io"/>
    <property name="user.country" value="CN"/>
    <property name="sun.java.launcher" value="SUN_STANDARD"/>
    <property name="sun.os.patch.level" value="unknown"/>
    <property name="java.vm.specification.name" value="Java Virtual Machine Specification"/>
    <property name="user.dir" value="/Users/jingli/Documents/JAVAWork/mchat"/>
    <property name="java.runtime.version" value="1.8.0_91-b14"/>
    <property name="java.awt.graphicsenv" value="sun.awt.CGraphicsEnvironment"/>
    <property name="java.endorsed.dirs" value="/Library/Java/JavaVirtualMachines/jdk1.8.0_91.jdk/Contents/Home/jre/lib/endorsed"/>
    <property name="os.arch" value="x86_64"/>
    <property name="java.io.tmpdir" value="/var/folders/bm/3yx9n8l15p9_63kv37gcp63m0000gn/T/"/>
    <property name="line.separator" value="
"/>
    <property name="java.vm.specification.vendor" value="Oracle Corporation"/>
    <property name="os.name" value="Mac OS X"/>
    <property name="classworlds.conf" value="/mylib/apache-maven-3.3.9/bin/m2.conf"/>
    <property name="sun.jnu.encoding" value="UTF-8"/>
    <property name="java.library.path" value="/Users/jingli/Library/Java/Extensions:/Library/Java/Extensions:/Network/Library/Java/Extensions:/System/Library/Java/Extensions:/usr/lib/java:."/>
    <property name="java.specification.name" value="Java Platform API Specification"/>
    <property name="java.class.version" value="52.0"/>
    <property name="sun.management.compiler" value="HotSpot 64-Bit Tiered Compilers"/>
    <property name="os.version" value="10.10.5"/>
    <property name="http.nonProxyHosts" value="local|*.local|169.254/16|*.169.254/16"/>
    <property name="user.home" value="/Users/jingli"/>
    <property name="user.timezone" value="Asia/Chongqing"/>
    <property name="java.awt.printerjob" value="sun.lwawt.macosx.CPrinterJob"/>
    <property name="java.specification.version" value="1.8"/>
    <property name="file.encoding" value="UTF-8"/>
    <property name="user.name" value="jingli"/>
    <property name="java.class.path" value="/mylib/apache-maven-3.3.9/boot/plexus-classworlds-2.5.2.jar"/>
    <property name="java.vm.specification.version" value="1.8"/>
    <property name="sun.arch.data.model" value="64"/>
    <property name="java.home" value="/Library/Java/JavaVirtualMachines/jdk1.8.0_91.jdk/Contents/Home/jre"/>
    <property name="sun.java.command" value="org.codehaus.plexus.classworlds.launcher.Launcher package"/>
    <property name="java.specification.vendor" value="Oracle Corporation"/>
    <property name="user.language" value="zh"/>
    <property name="awt.toolkit" value="sun.lwawt.macosx.LWCToolkit"/>
    <property name="java.vm.info" value="mixed mode"/>
    <property name="java.version" value="1.8.0_91"/>
    <property name="java.ext.dirs" value="/Users/jingli/Library/Java/Extensions:/Library/Java/JavaVirtualMachines/jdk1.8.0_91.jdk/Contents/Home/jre/lib/ext:/Library/Java/Extensions:/Network/Library/Java/Extensions:/System/Library/Java/Extensions:/usr/lib/java"/>
    <property name="sun.boot.class.path" value="/Library/Java/JavaVirtualMachines/jdk1.8.0_91.jdk/Contents/Home/jre/lib/resources.jar:/Library/Java/JavaVirtualMachines/jdk1.8.0_91.jdk/Contents/Home/jre/lib/rt.jar:/Library/Java/JavaVirtualMachines/jdk1.8.0_91.jdk/Contents/Home/jre/lib/sunrsasign.jar:/Library/Java/JavaVirtualMachines/jdk1.8.0_91.jdk/Contents/Home/jre/lib/jsse.jar:/Library/Java/JavaVirtualMachines/jdk1.8.0_91.jdk/Contents/Home/jre/lib/jce.jar:/Library/Java/JavaVirtualMachines/jdk1.8.0_91.jdk/Contents/Home/jre/lib/charsets.jar:/Library/Java/JavaVirtualMachines/jdk1.8.0_91.jdk/Contents/Home/jre/lib/jfr.jar:/Library/Java/JavaVirtualMachines/jdk1.8.0_91.jdk/Contents/Home/jre/classes"/>
    <property name="java.vendor" value="Oracle Corporation"/>
    <property name="maven.home" value="/mylib/apache-maven-3.3.9"/>
    <property name="file.separator" value="/"/>
    <property name="java.vendor.url.bug" value="http://bugreport.sun.com/bugreport/"/>
    <property name="sun.cpu.endian" value="little"/>
    <property name="sun.io.unicode.encoding" value="UnicodeBig"/>
    <property name="socksNonProxyHosts" value="local|*.local|169.254/16|*.169.254/16"/>
    <property name="ftp.nonProxyHosts" value="local|*.local|169.254/16|*.169.254/16"/>
    <property name="sun.cpu.isalist" value=""/>
  </properties>
  <testcase classname="org.mchat.io.chatServer.message.ByteMessageTest" name="testRouterByteBuf" time="0.213">
    <error message="direct buffer" type="java.lang.UnsupportedOperationException">java.lang.UnsupportedOperationException: direct buffer
	at io.netty.buffer.UnpooledUnsafeDirectByteBuf.array(UnpooledUnsafeDirectByteBuf.java:199)
	at io.netty.buffer.WrappedByteBuf.array(WrappedByteBuf.java:752)
	at org.mchat.io.chatServer.message.ByteMessageTest.testRouterByteBuf(ByteMessageTest.java:29)
	at sun.reflect.NativeMethodAccessorImpl.invoke0(Native Method)
	at sun.reflect.NativeMethodAccessorImpl.invoke(NativeMethodAccessorImpl.java:62)
	at sun.reflect.DelegatingMethodAccessorImpl.invoke(DelegatingMethodAccessorImpl.java:43)
	at java.lang.reflect.Method.invoke(Method.java:498)
	at junit.framework.TestCase.runTest(TestCase.java:176)
	at junit.framework.TestCase.runBare(TestCase.java:141)
	at junit.framework.TestResult$1.protect(TestResult.java:122)
	at junit.framework.TestResult.runProtected(TestResult.java:142)
	at junit.framework.TestResult.run(TestResult.java:125)
	at junit.framework.TestCase.run(TestCase.java:129)
	at junit.framework.TestSuite.runTest(TestSuite.java:255)
	at junit.framework.TestSuite.run(TestSuite.java:250)
	at org.junit.internal.runners.JUnit38ClassRunner.run(JUnit38ClassRunner.java:84)
	at org.apache.maven.surefire.junit4.JUnit4Provider.execute(JUnit4Provider.java:252)
	at org.apache.maven.surefire.junit4.JUnit4Provider.executeTestSet(JUnit4Provider.java:141)
	at org.apache.maven.surefire.junit4.JUnit4Provider.invoke(JUnit4Provider.java:112)
	at sun.reflect.NativeMethodAccessorImpl.invoke0(Native Method)
	at sun.reflect.NativeMethodAccessorImpl.invoke(NativeMethodAccessorImpl.java:62)
	at sun.reflect.DelegatingMethodAccessorImpl.invoke(DelegatingMethodAccessorImpl.java:43)
	at java.lang.reflect.Method.invoke(Method.java:498)
	at org.apache.maven.surefire.util.ReflectionUtils.invokeMethodWithArray(ReflectionUtils.java:189)
	at org.apache.maven.surefire.booter.ProviderFactory$ProviderProxy.invoke(ProviderFactory.java:165)
	at org.apache.maven.surefire.booter.ProviderFactory.invokeProvider(ProviderFactory.java:85)
	at org.apache.maven.surefire.booter.ForkedBooter.runSuitesInProcess(ForkedBooter.java:115)
	at org.apache.maven.surefire.booter.ForkedBooter.main(ForkedBooter.java:75)
</error>
    <system-out>[DEBUG] [io.netty.util.internal.logging.InternalLoggerFactory.&lt;clinit&gt;(InternalLoggerFactory.java:45)] gerFactory - Using Log4J as the default logging framework
[DEBUG] [io.netty.util.internal.PlatformDependent.isRoot0(PlatformDependent.java:370)] mDependent - UID: 501
[DEBUG] [io.netty.util.internal.PlatformDependent.javaVersion0(PlatformDependent.java:447)] mDependent - Java version: 8
[DEBUG] [io.netty.util.internal.PlatformDependent.hasUnsafe0(PlatformDependent.java:454)] mDependent - -Dio.netty.noUnsafe: false
[DEBUG] [io.netty.util.internal.PlatformDependent0.&lt;clinit&gt;(PlatformDependent0.java:61)] Dependent0 - java.nio.ByteBuffer.cleaner: available
[DEBUG] [io.netty.util.internal.PlatformDependent0.&lt;clinit&gt;(PlatformDependent0.java:80)] Dependent0 - java.nio.Buffer.address: available
[DEBUG] [io.netty.util.internal.PlatformDependent0.&lt;clinit&gt;(PlatformDependent0.java:88)] Dependent0 - sun.misc.Unsafe.theUnsafe: available
[DEBUG] [io.netty.util.internal.PlatformDependent0.&lt;clinit&gt;(PlatformDependent0.java:98)] Dependent0 - sun.misc.Unsafe.copyMemory: available
[DEBUG] [io.netty.util.internal.PlatformDependent0.&lt;clinit&gt;(PlatformDependent0.java:138)] Dependent0 - java.nio.Bits.unaligned: true
[DEBUG] [io.netty.util.internal.PlatformDependent.hasUnsafe0(PlatformDependent.java:481)] mDependent - sun.misc.Unsafe: available
[DEBUG] [io.netty.util.internal.PlatformDependent.hasJavassist0(PlatformDependent.java:559)] mDependent - -Dio.netty.noJavassist: false
[DEBUG] [io.netty.util.internal.PlatformDependent.hasJavassist0(PlatformDependent.java:571)] mDependent - Javassist: unavailable
[DEBUG] [io.netty.util.internal.PlatformDependent.hasJavassist0(PlatformDependent.java:572)] mDependent - You don&apos;t have Javassist in your class path or you don&apos;t have enough permission to load dynamically generated classes.  Please check the configuration for better performance.
[DEBUG] [io.netty.util.internal.PlatformDependent.&lt;clinit&gt;(PlatformDependent.java:76)] mDependent - -Dio.netty.noPreferDirect: false
[DEBUG] [io.netty.util.ResourceLeakDetector.&lt;clinit&gt;(ResourceLeakDetector.java:79)] akDetector - -Dio.netty.leakDetectionLevel: simple
1
</system-out>
  </testcase>
</testsuite>